<?xml version="1.0" encoding="UTF-8"?>
<testng-results ignored="0" total="1" passed="1" failed="0" skipped="0">
  <reporter-output>
  </reporter-output>
  <suite started-at="2024-06-14T20:55:27 IST" name="Default suite" finished-at="2024-06-14T20:55:36 IST" duration-ms="8433">
    <groups>
    </groups>
    <test started-at="2024-06-14T20:55:27 IST" name="Default test" finished-at="2024-06-14T20:55:36 IST" duration-ms="8433">
      <class name="JavaStream.GreenKart4">
        <test-method signature="run()[pri:0, instance:JavaStream.GreenKart4@3232a28a]" started-at="2024-06-14T20:55:27 IST" name="run" finished-at="2024-06-14T20:55:36 IST" duration-ms="8363" status="PASS">
          <reporter-output>
          </reporter-output>
        </test-method> <!-- run -->
      </class> <!-- JavaStream.GreenKart4 -->
    </test> <!-- Default test -->
  </suite> <!-- Default suite -->
</testng-results>
